number,value,datetime_start,datetime_complete,duration,params_batch_size,params_dropout,params_fusion_heads,params_learning_rate,params_long_hidden,params_period_hidden,params_short_hidden,params_weight_decay,state
0,0.030389159382066374,2026-07-02 00:02:30.857079,2026-07-02 00:18:52.618003,0 days 00:16:21.760924,32,0.09585112746335846,2,0.0002814509271606064,8,32,128,3.752055855124284e-05,COMPLETE
1,0.029684815874345703,2026-07-02 00:02:33.801199,2026-07-02 00:19:30.030693,0 days 00:16:56.229494,32,0.10525724897109283,8,0.0003964774775413866,8,8,128,8.877474082252476e-06,COMPLETE
2,0.03064892144118132,2026-07-02 00:18:52.629247,2026-07-02 00:35:46.179734,0 days 00:16:53.550487,32,0.1261534422933427,4,0.00013940346079873228,32,4,64,0.00011290133559092664,COMPLETE
3,0.029819072728894624,2026-07-02 00:19:30.042073,2026-07-02 00:38:00.192952,0 days 00:18:30.150879,16,0.27753826894503913,4,0.0005968515361266786,4,16,96,2.051430695496563e-06,COMPLETE
4,0.031122578173783902,2026-07-02 00:35:46.188379,2026-07-02 00:52:18.547868,0 days 00:16:32.359489,32,0.0989957156047863,4,0.00011662890273931399,8,16,32,9.462175356461487e-06,COMPLETE
5,0.030222068598975912,2026-07-02 00:38:00.200137,2026-07-02 00:54:35.068982,0 days 00:16:34.868845,32,0.22617890197013535,2,0.0007950489014978818,4,32,32,4.169686394342772e-05,COMPLETE
6,0.0303237117317283,2026-07-02 00:52:18.554370,2026-07-02 01:14:58.247223,0 days 00:22:39.692853,8,0.13961643213606817,4,0.0001483039268456802,16,16,96,0.00038842777547031416,COMPLETE
7,0.03333577721316774,2026-07-02 00:54:35.076094,2026-07-02 01:05:42.606783,0 days 00:11:07.530689,16,0.2749184048418532,4,0.00019648371822759001,8,32,64,6.072220874500424e-05,PRUNED
8,0.03304488051767305,2026-07-02 01:05:42.614710,2026-07-02 01:13:17.368003,0 days 00:07:34.753293,32,0.20423424395522377,2,0.0001421229425145279,32,32,32,2.9534456495160377e-05,PRUNED
9,0.03484651262532237,2026-07-02 01:13:17.376373,2026-07-02 01:18:15.060983,0 days 00:04:57.684610,32,0.21109262415345342,2,0.00020062077459177482,8,32,32,0.00017173996758687368,PRUNED
10,0.03624295641936807,2026-07-02 01:14:58.253840,2026-07-02 01:19:55.803554,0 days 00:04:57.549714,32,0.07697285674832612,2,0.00011128194768838959,16,4,96,8.11392957263784e-05,PRUNED
11,0.05984345977467451,2026-07-02 01:18:15.068854,2026-07-02 01:23:58.916823,0 days 00:05:43.847969,8,0.056019644786074255,8,0.002620205434104974,16,8,128,0.0009542248216761103,PRUNED
12,0.0330907778664567,2026-07-02 01:19:55.811296,2026-07-02 01:30:14.934761,0 days 00:10:19.123465,16,0.28940460664898887,8,0.00059173857425352,4,8,128,1.113741490829352e-06,PRUNED
13,0.034669147201252144,2026-07-02 01:23:58.924645,2026-07-02 01:29:38.427028,0 days 00:05:39.502383,16,0.2935015794399035,8,0.0005149335357517556,4,8,96,1.100071739280385e-06,PRUNED
14,0.04196865103025546,2026-07-02 01:29:38.431841,2026-07-02 01:34:21.773690,0 days 00:04:43.341849,16,0.1611280098914659,8,0.0007019332281863031,4,8,128,2.449589949624792e-06,PRUNED
15,0.02982741495829889,2026-07-02 01:30:14.943191,2026-07-02 01:49:01.492757,0 days 00:18:46.549566,16,0.16558614660541138,8,0.0011193522704115023,4,16,96,4.803086305522213e-06,COMPLETE
16,0.029707149372971087,2026-07-02 01:34:21.781533,2026-07-02 01:53:01.652470,0 days 00:18:39.870937,16,0.2495458396763,4,0.001230289068692499,8,16,96,7.577914617278894e-06,COMPLETE
17,0.029727122703327464,2026-07-02 01:49:01.499086,2026-07-02 02:12:20.069351,0 days 00:23:18.570265,8,0.2478673330624881,4,0.0003240645898079073,8,16,128,1.1587873848652226e-05,COMPLETE
18,0.0371589815661307,2026-07-02 02:12:20.075357,2026-07-02 02:17:58.766730,0 days 00:05:38.691373,16,0.1859745403359902,8,0.002106407898251719,8,8,64,1.3135059579482787e-05,PRUNED
19,0.030062378590176145,2026-07-02 02:17:58.774413,2026-07-02 02:41:36.903125,0 days 00:23:38.128712,8,0.2396560525461876,4,0.001357039061098737,8,4,96,4.749400805422826e-06,COMPLETE
20,0.029074470419358366,2026-07-02 06:58:04.915622,2026-07-02 07:16:16.005522,0 days 00:18:11.089900,16,0.12261789056076519,8,0.00037523131769400106,8,8,128,6.578835405865587e-06,COMPLETE
21,0.03587864105933549,2026-07-02 06:58:21.980946,2026-07-02 07:02:32.115449,0 days 00:04:10.134503,32,0.12499667460217334,8,0.0003822953445289131,8,8,128,5.953683005510162e-06,PRUNED
22,0.02984807190657882,2026-07-02 07:02:32.126456,2026-07-02 07:24:05.649298,0 days 00:21:33.522842,8,0.25609096333661796,4,0.00032966516251512596,8,16,128,2.1649079904222723e-05,COMPLETE
23,0.02886044261922247,2026-07-02 07:16:16.016458,2026-07-02 07:34:43.986667,0 days 00:18:27.970209,16,0.10359032059824058,8,0.0010517594463622497,8,8,128,2.0104241890967017e-05,COMPLETE
24,0.029134064158756325,2026-07-02 07:24:05.657971,2026-07-02 07:42:42.396044,0 days 00:18:36.738073,16,0.09202620604260578,8,0.0010229280196347864,8,8,128,1.7173124447497425e-05,COMPLETE
25,0.02814875284216636,2026-07-02 07:34:43.995058,2026-07-02 07:53:24.590988,0 days 00:18:40.595930,16,0.1002359188212753,8,0.0004267479455587623,32,8,128,1.8301515793203755e-05,COMPLETE
26,0.028740115455378662,2026-07-02 07:42:42.402798,2026-07-02 08:01:31.772350,0 days 00:18:49.369552,16,0.055526259085939195,8,0.0017375213140589521,32,8,128,1.8141186056662205e-05,COMPLETE
27,0.02849919737358704,2026-07-02 07:53:24.599213,2026-07-02 08:12:04.896563,0 days 00:18:40.297350,16,0.0567657181557769,8,0.0017192151688772744,32,8,128,1.908489307642794e-05,COMPLETE
28,0.028381446022921527,2026-07-02 08:01:31.779074,2026-07-02 08:20:17.859926,0 days 00:18:46.080852,16,0.05795731068799653,8,0.0018262005477114294,32,8,128,2.2908229710112458e-05,COMPLETE
29,0.028053968559970433,2026-07-02 08:12:04.904934,2026-07-02 08:30:44.157873,0 days 00:18:39.252939,16,0.05187430755873573,8,0.0016348488574552506,32,8,128,2.8629036260125473e-05,COMPLETE
30,0.029186979429140992,2026-07-02 08:20:17.866732,2026-07-02 08:39:05.146437,0 days 00:18:47.279705,16,0.07373149028278782,8,0.0016394549741557975,32,8,128,3.948839710139915e-05,COMPLETE
31,0.03351395874108491,2026-07-02 08:30:44.166296,2026-07-02 08:37:17.649638,0 days 00:06:33.483342,16,0.07523610712130542,8,0.002934036933638167,32,8,128,3.839548928870569e-05,PRUNED
32,0.03078391648179381,2026-07-02 08:37:17.660336,2026-07-02 08:47:33.913650,0 days 00:10:16.253314,16,0.07221396132934978,8,0.0016126906784178414,32,8,128,5.6569375085242366e-05,PRUNED
33,0.02982026366148805,2026-07-02 08:39:05.153254,2026-07-02 08:57:51.865600,0 days 00:18:46.712346,16,0.05026940661899491,8,0.0022051751011438465,32,8,128,6.163494533910717e-05,COMPLETE
34,0.02973156880857833,2026-07-02 08:47:33.924788,2026-07-02 09:06:13.628516,0 days 00:18:39.703728,16,0.05005930092789022,8,0.0022040000911569212,32,8,128,2.6441646779846406e-05,COMPLETE
35,0.028909651373017226,2026-07-02 08:57:51.872336,2026-07-02 09:16:39.490457,0 days 00:18:47.618121,16,0.08690703418771381,8,0.000868071276353471,32,8,128,0.0001268332067743751,COMPLETE
36,0.029212479218777936,2026-07-02 09:06:13.635340,2026-07-02 09:24:55.198046,0 days 00:18:41.562706,16,0.08658854097527079,8,0.0014763271719536674,32,4,64,0.00013748226855442514,COMPLETE
37,0.02854794568588729,2026-07-02 09:16:39.497325,2026-07-02 09:35:28.988055,0 days 00:18:49.490730,16,0.1128477794304481,8,0.0015003977974970793,32,4,64,1.3405586331152692e-05,COMPLETE
38,0.02930038424434868,2026-07-02 09:24:55.204729,2026-07-02 09:43:36.273909,0 days 00:18:41.069180,16,0.11097533644561605,8,0.002038940601842712,32,8,128,1.2670192034863987e-05,COMPLETE
39,0.03181811802471456,2026-07-02 09:35:28.994806,2026-07-02 09:41:53.196903,0 days 00:06:24.202097,16,0.06688515814504299,2,0.0020618769057242615,32,8,128,2.627433542605856e-05,PRUNED
